<?xml version="1.0" encoding="UTF-8"?>
<!-- Generated by org.testng.reporters.JUnitReportReporter -->
<testsuite skipped="0" hostname="Jagadeesh" name="gmail.gm" tests="1" failures="0" timestamp="2020-08-30T20:35:13 BST" time="29.547" errors="0">
  <testcase name="google" time="29.547" classname="gmail.gm"/>
  <system-out/>
</testsuite> <!-- gmail.gm -->
